android/app/build/intermediates/manifest_merge_blame_file/debug/manifest-merger-blame-debug-report.txt
1<?xml version="1.0" encoding="utf-8"?>
2<manifest xmlns:android="http://schemas.android.com/apk/res/android"
3    package="com.risksphere.green"
4    android:versionCode="10"
5    android:versionName="0.2.8" >
6
7    <uses-sdk
8        android:minSdkVersion="23"
9        android:targetSdkVersion="35" />
10    <!--
11         The INTERNET permission is required for development. Specifically,
12         the Flutter tool needs it to communicate with the running application
13         to allow setting breakpoints, to provide hot reload, etc.
14    -->
15    <uses-permission android:name="android.permission.INTERNET" />
15-->src/main/AndroidManifest.xml:11:5-67
15-->src/main/AndroidManifest.xml:11:22-64
16    <!-- add storage permission -->
17    <uses-permission android:name="android.permission.WRITE_EXTERNAL_STORAGE" />
17-->src/main/AndroidManifest.xml:5:5-81
17-->src/main/AndroidManifest.xml:5:22-78
18    <uses-permission android:name="android.permission.READ_EXTERNAL_STORAGE" />
18-->src/main/AndroidManifest.xml:6:5-80
18-->src/main/AndroidManifest.xml:6:22-77
19    <uses-permission android:name="android.permission.RECEIVE_BOOT_COMPLETED" />
19-->src/main/AndroidManifest.xml:7:5-81
19-->src/main/AndroidManifest.xml:7:22-78
20    <uses-permission android:name="android.permission.POST_NOTIFICATIONS" />
20-->src/main/AndroidManifest.xml:8:5-77
20-->src/main/AndroidManifest.xml:8:22-74
21    <uses-permission android:name="android.permission.READ_MEDIA_IMAGES" />
21-->src/main/AndroidManifest.xml:9:5-76
21-->src/main/AndroidManifest.xml:9:22-73
22    <uses-permission android:name="android.permission.VIBRATE" />
22-->src/main/AndroidManifest.xml:10:5-66
22-->src/main/AndroidManifest.xml:10:22-63
23    <uses-permission android:name="android.permission.POST_NOTIFICATIONS" />
23-->src/main/AndroidManifest.xml:8:5-77
23-->src/main/AndroidManifest.xml:8:22-74
24    <uses-permission android:name="android.permission.ACCESS_FINE_LOCATION" />
24-->src/main/AndroidManifest.xml:13:5-79
24-->src/main/AndroidManifest.xml:13:22-76
25    <uses-permission android:name="android.permission.ACCESS_COARSE_LOCATION" />
25-->src/main/AndroidManifest.xml:14:5-81
25-->src/main/AndroidManifest.xml:14:22-78
26    <uses-permission android:name="android.permission.ACCESS_NETWORK_STATE" />
26-->src/main/AndroidManifest.xml:15:5-79
26-->src/main/AndroidManifest.xml:15:22-76
27
28    <queries>
28-->[:file_picker] AndroidManifest.xml:7:5-13:15
29        <intent>
29-->[:file_picker] AndroidManifest.xml:8:9-12:18
30            <action android:name="android.intent.action.GET_CONTENT" />
30-->[:file_picker] AndroidManifest.xml:9:13-72
30-->[:file_picker] AndroidManifest.xml:9:21-69
31
32            <data android:mimeType="*/*" />
32-->[:file_picker] AndroidManifest.xml:11:13-44
32-->[:file_picker] AndroidManifest.xml:11:19-41
33        </intent>
34        <!-- Needs to be explicitly declared on Android R+ -->
35        <package android:name="com.google.android.apps.maps" />
35-->[com.google.android.gms:play-services-maps:18.2.0] AndroidManifest.xml:33:9-64
35-->[com.google.android.gms:play-services-maps:18.2.0] AndroidManifest.xml:33:18-61
36    </queries>
37
38    <uses-permission android:name="android.permission.WAKE_LOCK" />
38-->[:firebase_messaging] AndroidManifest.xml:8:5-68
38-->[:firebase_messaging] AndroidManifest.xml:8:22-65
39
40    <uses-feature
40-->[com.google.android.gms:play-services-maps:18.2.0] AndroidManifest.xml:26:5-28:35
41        android:glEsVersion="0x00020000"
41-->[com.google.android.gms:play-services-maps:18.2.0] AndroidManifest.xml:27:9-41
42        android:required="true" /> <!-- Required by older versions of Google Play services to create IID tokens -->
42-->[com.google.android.gms:play-services-maps:18.2.0] AndroidManifest.xml:28:9-32
43    <uses-permission android:name="com.google.android.c2dm.permission.RECEIVE" />
43-->[com.google.firebase:firebase-messaging:24.1.0] AndroidManifest.xml:26:5-82
43-->[com.google.firebase:firebase-messaging:24.1.0] AndroidManifest.xml:26:22-79
44    <uses-permission android:name="com.google.android.providers.gsf.permission.READ_GSERVICES" />
44-->[com.google.android.recaptcha:recaptcha:18.6.1] AndroidManifest.xml:9:5-98
44-->[com.google.android.recaptcha:recaptcha:18.6.1] AndroidManifest.xml:9:22-95
45
46    <permission
46-->[androidx.core:core:1.13.1] AndroidManifest.xml:22:5-24:47
47        android:name="com.risksphere.green.DYNAMIC_RECEIVER_NOT_EXPORTED_PERMISSION"
47-->[androidx.core:core:1.13.1] AndroidManifest.xml:23:9-81
48        android:protectionLevel="signature" />
48-->[androidx.core:core:1.13.1] AndroidManifest.xml:24:9-44
49
50    <uses-permission android:name="com.risksphere.green.DYNAMIC_RECEIVER_NOT_EXPORTED_PERMISSION" />
50-->[androidx.core:core:1.13.1] AndroidManifest.xml:26:5-97
50-->[androidx.core:core:1.13.1] AndroidManifest.xml:26:22-94
51
52    <application
53        android:name="android.app.Application"
54        android:appComponentFactory="androidx.core.app.CoreComponentFactory"
54-->[androidx.core:core:1.13.1] AndroidManifest.xml:28:18-86
55        android:debuggable="true"
56        android:enableOnBackInvokedCallback="true"
57        android:extractNativeLibs="false"
58        android:icon="@mipmap/launcher_icon"
59        android:label="RiskSphere" >
60        <meta-data
61            android:name="com.google.android.geo.API_KEY"
62            android:value="AIzaSyB3NiU-vWDp1TUIARsRKqLBvTGAVcka0yI" />
63
64        <activity
65            android:name="com.risksphere.green.MainActivity"
66            android:configChanges="orientation|keyboardHidden|keyboard|screenSize|smallestScreenSize|locale|layoutDirection|fontScale|screenLayout|density|uiMode"
67            android:exported="true"
68            android:hardwareAccelerated="true"
69            android:launchMode="singleTop"
70            android:screenOrientation="portrait"
71            android:theme="@style/LaunchTheme"
72            android:windowSoftInputMode="adjustResize" >
73
74            <!--
75                 Specifies an Android theme to apply to this Activity as soon as
76                 the Android process has started. This theme is visible to the user
77                 while the Flutter UI initializes. After that, this theme continues
78                 to determine the Window background behind the Flutter UI.
79            -->
80            <meta-data
81                android:name="io.flutter.embedding.android.NormalTheme"
82                android:resource="@style/NormalTheme" />
83
84            <intent-filter>
85                <action android:name="android.intent.action.MAIN" />
86
87                <category android:name="android.intent.category.LAUNCHER" />
88            </intent-filter>
89            <intent-filter>
90                <action android:name="FLUTTER_NOTIFICATION_CLICK" />
91
92                <category android:name="android.intent.category.DEFAULT" />
92-->[com.google.firebase:firebase-auth:23.2.0] AndroidManifest.xml:38:17-76
92-->[com.google.firebase:firebase-auth:23.2.0] AndroidManifest.xml:38:27-73
93            </intent-filter>
94
95            <!-- Deep Link & App Link Configuration -->
96            <intent-filter>
97                <action android:name="android.intent.action.VIEW" />
97-->[com.google.firebase:firebase-auth:23.2.0] AndroidManifest.xml:36:17-69
97-->[com.google.firebase:firebase-auth:23.2.0] AndroidManifest.xml:36:25-66
98
99                <category android:name="android.intent.category.DEFAULT" />
99-->[com.google.firebase:firebase-auth:23.2.0] AndroidManifest.xml:38:17-76
99-->[com.google.firebase:firebase-auth:23.2.0] AndroidManifest.xml:38:27-73
100                <category android:name="android.intent.category.BROWSABLE" />
100-->[com.google.firebase:firebase-auth:23.2.0] AndroidManifest.xml:39:17-78
100-->[com.google.firebase:firebase-auth:23.2.0] AndroidManifest.xml:39:27-75
101
102                <data
102-->[:file_picker] AndroidManifest.xml:11:13-44
103                    android:host="web.risksphere.site"
104                    android:pathPrefix="/learner"
105                    android:scheme="https" />
106            </intent-filter>
107        </activity>
108
109        <service
110            android:name="com.google.firebase.messaging.FirebaseMessagingService"
111            android:directBootAware="true"
111-->[com.google.firebase:firebase-messaging:24.1.0] AndroidManifest.xml:48:13-43
112            android:exported="false" >
113            <intent-filter>
113-->[:firebase_messaging] AndroidManifest.xml:21:13-23:29
114                <action android:name="com.google.firebase.MESSAGING_EVENT" />
114-->[:firebase_messaging] AndroidManifest.xml:22:17-78
114-->[:firebase_messaging] AndroidManifest.xml:22:25-75
115            </intent-filter>
116            <intent-filter android:priority="-500" >
116-->[:firebase_messaging] AndroidManifest.xml:21:13-23:29
117                <action android:name="com.google.firebase.MESSAGING_EVENT" />
117-->[:firebase_messaging] AndroidManifest.xml:22:17-78
117-->[:firebase_messaging] AndroidManifest.xml:22:25-75
118            </intent-filter>
119        </service>
120
121        <!--
122             Don't delete the meta-data below.
123             This is used by the Flutter tool to generate GeneratedPluginRegistrant.java
124        -->
125        <meta-data
126            android:name="flutterEmbedding"
127            android:value="2" />
128
129        <service
129-->[:location] AndroidManifest.xml:11:9-15:56
130            android:name="com.lyokone.location.FlutterLocationService"
130-->[:location] AndroidManifest.xml:12:13-71
131            android:enabled="true"
131-->[:location] AndroidManifest.xml:13:13-35
132            android:exported="false"
132-->[:location] AndroidManifest.xml:14:13-37
133            android:foregroundServiceType="location" />
133-->[:location] AndroidManifest.xml:15:13-53
134
135        <provider
135-->[:image_picker_android] AndroidManifest.xml:9:9-17:20
136            android:name="io.flutter.plugins.imagepicker.ImagePickerFileProvider"
136-->[:image_picker_android] AndroidManifest.xml:10:13-82
137            android:authorities="com.risksphere.green.flutter.image_provider"
137-->[:image_picker_android] AndroidManifest.xml:11:13-74
138            android:exported="false"
138-->[:image_picker_android] AndroidManifest.xml:12:13-37
139            android:grantUriPermissions="true" >
139-->[:image_picker_android] AndroidManifest.xml:13:13-47
140            <meta-data
140-->[:image_picker_android] AndroidManifest.xml:14:13-16:75
141                android:name="android.support.FILE_PROVIDER_PATHS"
141-->[:image_picker_android] AndroidManifest.xml:15:17-67
142                android:resource="@xml/flutter_image_picker_file_paths" />
142-->[:image_picker_android] AndroidManifest.xml:16:17-72
143        </provider> <!-- Trigger Google Play services to install the backported photo picker module. -->
144        <service
144-->[:image_picker_android] AndroidManifest.xml:19:9-31:19
145            android:name="com.google.android.gms.metadata.ModuleDependencies"
145-->[:image_picker_android] AndroidManifest.xml:20:13-78
146            android:enabled="false"
146-->[:image_picker_android] AndroidManifest.xml:21:13-36
147            android:exported="false" >
147-->[:image_picker_android] AndroidManifest.xml:22:13-37
148            <intent-filter>
148-->[:image_picker_android] AndroidManifest.xml:24:13-26:29
149                <action android:name="com.google.android.gms.metadata.MODULE_DEPENDENCIES" />
149-->[:image_picker_android] AndroidManifest.xml:25:17-94
149-->[:image_picker_android] AndroidManifest.xml:25:25-91
150            </intent-filter>
151
152            <meta-data
152-->[:image_picker_android] AndroidManifest.xml:28:13-30:36
153                android:name="photopicker_activity:0:required"
153-->[:image_picker_android] AndroidManifest.xml:29:17-63
154                android:value="" />
154-->[:image_picker_android] AndroidManifest.xml:30:17-33
155        </service>
156
157        <activity
157-->[:url_launcher_android] AndroidManifest.xml:8:9-11:74
158            android:name="io.flutter.plugins.urllauncher.WebViewActivity"
158-->[:url_launcher_android] AndroidManifest.xml:9:13-74
159            android:exported="false"
159-->[:url_launcher_android] AndroidManifest.xml:10:13-37
160            android:theme="@android:style/Theme.NoTitleBar.Fullscreen" />
160-->[:url_launcher_android] AndroidManifest.xml:11:13-71
161
162        <service
162-->[:cloud_firestore] AndroidManifest.xml:8:9-12:19
163            android:name="com.google.firebase.components.ComponentDiscoveryService"
163-->[:cloud_firestore] AndroidManifest.xml:8:18-89
164            android:directBootAware="true"
164-->[com.google.firebase:firebase-common:21.0.0] AndroidManifest.xml:32:13-43
165            android:exported="false" >
165-->[com.google.firebase:firebase-auth:23.2.0] AndroidManifest.xml:68:13-37
166            <meta-data
166-->[:cloud_firestore] AndroidManifest.xml:9:13-11:85
167                android:name="com.google.firebase.components:io.flutter.plugins.firebase.firestore.FlutterFirebaseFirestoreRegistrar"
167-->[:cloud_firestore] AndroidManifest.xml:10:17-134
168                android:value="com.google.firebase.components.ComponentRegistrar" />
168-->[:cloud_firestore] AndroidManifest.xml:11:17-82
169            <meta-data
169-->[:cloud_functions] AndroidManifest.xml:9:13-11:85
170                android:name="com.google.firebase.components:io.flutter.plugins.firebase.functions.FlutterFirebaseAppRegistrar"
170-->[:cloud_functions] AndroidManifest.xml:10:17-128
171                android:value="com.google.firebase.components.ComponentRegistrar" />
171-->[:cloud_functions] AndroidManifest.xml:11:17-82
172            <meta-data
172-->[:firebase_auth] AndroidManifest.xml:9:13-11:85
173                android:name="com.google.firebase.components:io.flutter.plugins.firebase.auth.FlutterFirebaseAuthRegistrar"
173-->[:firebase_auth] AndroidManifest.xml:10:17-124
174                android:value="com.google.firebase.components.ComponentRegistrar" />
174-->[:firebase_auth] AndroidManifest.xml:11:17-82
175            <meta-data
175-->[:firebase_messaging] AndroidManifest.xml:36:13-38:85
176                android:name="com.google.firebase.components:io.flutter.plugins.firebase.messaging.FlutterFirebaseAppRegistrar"
176-->[:firebase_messaging] AndroidManifest.xml:37:17-128
177                android:value="com.google.firebase.components.ComponentRegistrar" />
177-->[:firebase_messaging] AndroidManifest.xml:38:17-82
178            <meta-data
178-->[:firebase_storage] AndroidManifest.xml:9:13-11:85
179                android:name="com.google.firebase.components:io.flutter.plugins.firebase.storage.FlutterFirebaseAppRegistrar"
179-->[:firebase_storage] AndroidManifest.xml:10:17-126
180                android:value="com.google.firebase.components.ComponentRegistrar" />
180-->[:firebase_storage] AndroidManifest.xml:11:17-82
181            <meta-data
181-->[:firebase_core] AndroidManifest.xml:9:13-11:85
182                android:name="com.google.firebase.components:io.flutter.plugins.firebase.core.FlutterFirebaseCoreRegistrar"
182-->[:firebase_core] AndroidManifest.xml:10:17-124
183                android:value="com.google.firebase.components.ComponentRegistrar" />
183-->[:firebase_core] AndroidManifest.xml:11:17-82
184            <meta-data
184-->[com.google.firebase:firebase-auth:23.2.0] AndroidManifest.xml:69:13-71:85
185                android:name="com.google.firebase.components:com.google.firebase.auth.FirebaseAuthRegistrar"
185-->[com.google.firebase:firebase-auth:23.2.0] AndroidManifest.xml:70:17-109
186                android:value="com.google.firebase.components.ComponentRegistrar" />
186-->[com.google.firebase:firebase-auth:23.2.0] AndroidManifest.xml:71:17-82
187            <meta-data
187-->[com.google.firebase:firebase-firestore:25.1.2] AndroidManifest.xml:17:13-19:85
188                android:name="com.google.firebase.components:com.google.firebase.firestore.FirebaseFirestoreKtxRegistrar"
188-->[com.google.firebase:firebase-firestore:25.1.2] AndroidManifest.xml:18:17-122
189                android:value="com.google.firebase.components.ComponentRegistrar" />
189-->[com.google.firebase:firebase-firestore:25.1.2] AndroidManifest.xml:19:17-82
190            <meta-data
190-->[com.google.firebase:firebase-firestore:25.1.2] AndroidManifest.xml:20:13-22:85
191                android:name="com.google.firebase.components:com.google.firebase.firestore.FirestoreRegistrar"
191-->[com.google.firebase:firebase-firestore:25.1.2] AndroidManifest.xml:21:17-111
192                android:value="com.google.firebase.components.ComponentRegistrar" />
192-->[com.google.firebase:firebase-firestore:25.1.2] AndroidManifest.xml:22:17-82
193            <meta-data
193-->[com.google.firebase:firebase-functions:21.1.0] AndroidManifest.xml:15:13-17:85
194                android:name="com.google.firebase.components:com.google.firebase.functions.FirebaseFunctionsKtxRegistrar"
194-->[com.google.firebase:firebase-functions:21.1.0] AndroidManifest.xml:16:17-122
195                android:value="com.google.firebase.components.ComponentRegistrar" />
195-->[com.google.firebase:firebase-functions:21.1.0] AndroidManifest.xml:17:17-82
196            <meta-data
196-->[com.google.firebase:firebase-functions:21.1.0] AndroidManifest.xml:18:13-20:85
197                android:name="com.google.firebase.components:com.google.firebase.functions.FunctionsRegistrar"
197-->[com.google.firebase:firebase-functions:21.1.0] AndroidManifest.xml:19:17-111
198                android:value="com.google.firebase.components.ComponentRegistrar" />
198-->[com.google.firebase:firebase-functions:21.1.0] AndroidManifest.xml:20:17-82
199            <meta-data
199-->[com.google.firebase:firebase-messaging:24.1.0] AndroidManifest.xml:57:13-59:85
200                android:name="com.google.firebase.components:com.google.firebase.messaging.FirebaseMessagingKtxRegistrar"
200-->[com.google.firebase:firebase-messaging:24.1.0] AndroidManifest.xml:58:17-122
201                android:value="com.google.firebase.components.ComponentRegistrar" />
201-->[com.google.firebase:firebase-messaging:24.1.0] AndroidManifest.xml:59:17-82
202            <meta-data
202-->[com.google.firebase:firebase-messaging:24.1.0] AndroidManifest.xml:60:13-62:85
203                android:name="com.google.firebase.components:com.google.firebase.messaging.FirebaseMessagingRegistrar"
203-->[com.google.firebase:firebase-messaging:24.1.0] AndroidManifest.xml:61:17-119
204                android:value="com.google.firebase.components.ComponentRegistrar" />
204-->[com.google.firebase:firebase-messaging:24.1.0] AndroidManifest.xml:62:17-82
205            <meta-data
205-->[com.google.firebase:firebase-storage:21.0.1] AndroidManifest.xml:30:13-32:85
206                android:name="com.google.firebase.components:com.google.firebase.storage.FirebaseStorageKtxRegistrar"
206-->[com.google.firebase:firebase-storage:21.0.1] AndroidManifest.xml:31:17-118
207                android:value="com.google.firebase.components.ComponentRegistrar" />
207-->[com.google.firebase:firebase-storage:21.0.1] AndroidManifest.xml:32:17-82
208            <meta-data
208-->[com.google.firebase:firebase-storage:21.0.1] AndroidManifest.xml:33:13-35:85
209                android:name="com.google.firebase.components:com.google.firebase.storage.StorageRegistrar"
209-->[com.google.firebase:firebase-storage:21.0.1] AndroidManifest.xml:34:17-107
210                android:value="com.google.firebase.components.ComponentRegistrar" />
210-->[com.google.firebase:firebase-storage:21.0.1] AndroidManifest.xml:35:17-82
211            <meta-data
211-->[com.google.firebase:firebase-appcheck:18.0.0] AndroidManifest.xml:25:13-27:85
212                android:name="com.google.firebase.components:com.google.firebase.appcheck.FirebaseAppCheckKtxRegistrar"
212-->[com.google.firebase:firebase-appcheck:18.0.0] AndroidManifest.xml:26:17-120
213                android:value="com.google.firebase.components.ComponentRegistrar" />
213-->[com.google.firebase:firebase-appcheck:18.0.0] AndroidManifest.xml:27:17-82
214            <meta-data
214-->[com.google.firebase:firebase-appcheck:18.0.0] AndroidManifest.xml:28:13-30:85
215                android:name="com.google.firebase.components:com.google.firebase.appcheck.FirebaseAppCheckRegistrar"
215-->[com.google.firebase:firebase-appcheck:18.0.0] AndroidManifest.xml:29:17-117
216                android:value="com.google.firebase.components.ComponentRegistrar" />
216-->[com.google.firebase:firebase-appcheck:18.0.0] AndroidManifest.xml:30:17-82
217            <meta-data
217-->[com.google.firebase:firebase-iid:21.1.0] AndroidManifest.xml:32:13-34:85
218                android:name="com.google.firebase.components:com.google.firebase.iid.Registrar"
218-->[com.google.firebase:firebase-iid:21.1.0] AndroidManifest.xml:33:17-96
219                android:value="com.google.firebase.components.ComponentRegistrar" />
219-->[com.google.firebase:firebase-iid:21.1.0] AndroidManifest.xml:34:17-82
220            <meta-data
220-->[com.google.firebase:firebase-installations:18.0.0] AndroidManifest.xml:15:13-17:85
221                android:name="com.google.firebase.components:com.google.firebase.installations.FirebaseInstallationsKtxRegistrar"
221-->[com.google.firebase:firebase-installations:18.0.0] AndroidManifest.xml:16:17-130
222                android:value="com.google.firebase.components.ComponentRegistrar" />
222-->[com.google.firebase:firebase-installations:18.0.0] AndroidManifest.xml:17:17-82
223            <meta-data
223-->[com.google.firebase:firebase-installations:18.0.0] AndroidManifest.xml:18:13-20:85
224                android:name="com.google.firebase.components:com.google.firebase.installations.FirebaseInstallationsRegistrar"
224-->[com.google.firebase:firebase-installations:18.0.0] AndroidManifest.xml:19:17-127
225                android:value="com.google.firebase.components.ComponentRegistrar" />
225-->[com.google.firebase:firebase-installations:18.0.0] AndroidManifest.xml:20:17-82
226            <meta-data
226-->[com.google.firebase:firebase-common-ktx:21.0.0] AndroidManifest.xml:12:13-14:85
227                android:name="com.google.firebase.components:com.google.firebase.ktx.FirebaseCommonLegacyRegistrar"
227-->[com.google.firebase:firebase-common-ktx:21.0.0] AndroidManifest.xml:13:17-116
228                android:value="com.google.firebase.components.ComponentRegistrar" />
228-->[com.google.firebase:firebase-common-ktx:21.0.0] AndroidManifest.xml:14:17-82
229            <meta-data
229-->[com.google.firebase:firebase-common:21.0.0] AndroidManifest.xml:35:13-37:85
230                android:name="com.google.firebase.components:com.google.firebase.FirebaseCommonKtxRegistrar"
230-->[com.google.firebase:firebase-common:21.0.0] AndroidManifest.xml:36:17-109
231                android:value="com.google.firebase.components.ComponentRegistrar" />
231-->[com.google.firebase:firebase-common:21.0.0] AndroidManifest.xml:37:17-82
232            <meta-data
232-->[com.google.firebase:firebase-datatransport:18.2.0] AndroidManifest.xml:25:13-27:85
233                android:name="com.google.firebase.components:com.google.firebase.datatransport.TransportRegistrar"
233-->[com.google.firebase:firebase-datatransport:18.2.0] AndroidManifest.xml:26:17-115
234                android:value="com.google.firebase.components.ComponentRegistrar" />
234-->[com.google.firebase:firebase-datatransport:18.2.0] AndroidManifest.xml:27:17-82
235        </service>
236        <service
236-->[:firebase_messaging] AndroidManifest.xml:14:9-17:72
237            android:name="io.flutter.plugins.firebase.messaging.FlutterFirebaseMessagingBackgroundService"
237-->[:firebase_messaging] AndroidManifest.xml:15:13-107
238            android:exported="false"
238-->[:firebase_messaging] AndroidManifest.xml:16:13-37
239            android:permission="android.permission.BIND_JOB_SERVICE" />
239-->[:firebase_messaging] AndroidManifest.xml:17:13-69
240        <service
240-->[:firebase_messaging] AndroidManifest.xml:18:9-24:19
241            android:name="io.flutter.plugins.firebase.messaging.FlutterFirebaseMessagingService"
241-->[:firebase_messaging] AndroidManifest.xml:19:13-97
242            android:exported="false" >
242-->[:firebase_messaging] AndroidManifest.xml:20:13-37
243            <intent-filter>
243-->[:firebase_messaging] AndroidManifest.xml:21:13-23:29
244                <action android:name="com.google.firebase.MESSAGING_EVENT" />
244-->[:firebase_messaging] AndroidManifest.xml:22:17-78
244-->[:firebase_messaging] AndroidManifest.xml:22:25-75
245            </intent-filter>
246        </service>
247
248        <receiver
248-->[:firebase_messaging] AndroidManifest.xml:26:9-33:20
249            android:name="io.flutter.plugins.firebase.messaging.FlutterFirebaseMessagingReceiver"
249-->[:firebase_messaging] AndroidManifest.xml:27:13-98
250            android:exported="true"
250-->[:firebase_messaging] AndroidManifest.xml:28:13-36
251            android:permission="com.google.android.c2dm.permission.SEND" >
251-->[:firebase_messaging] AndroidManifest.xml:29:13-73
252            <intent-filter>
252-->[:firebase_messaging] AndroidManifest.xml:30:13-32:29
253                <action android:name="com.google.android.c2dm.intent.RECEIVE" />
253-->[:firebase_messaging] AndroidManifest.xml:31:17-81
253-->[:firebase_messaging] AndroidManifest.xml:31:25-78
254            </intent-filter>
255        </receiver>
256
257        <provider
257-->[:firebase_messaging] AndroidManifest.xml:41:9-45:38
258            android:name="io.flutter.plugins.firebase.messaging.FlutterFirebaseMessagingInitProvider"
258-->[:firebase_messaging] AndroidManifest.xml:42:13-102
259            android:authorities="com.risksphere.green.flutterfirebasemessaginginitprovider"
259-->[:firebase_messaging] AndroidManifest.xml:43:13-88
260            android:exported="false"
260-->[:firebase_messaging] AndroidManifest.xml:44:13-37
261            android:initOrder="99" />
261-->[:firebase_messaging] AndroidManifest.xml:45:13-35
262        <provider
262-->[:open_file_android] AndroidManifest.xml:9:9-19:20
263            android:name="com.crazecoder.openfile.FileProvider"
263-->[:open_file_android] AndroidManifest.xml:10:13-64
264            android:authorities="com.risksphere.green.fileProvider.com.crazecoder.openfile"
264-->[:open_file_android] AndroidManifest.xml:11:13-88
265            android:exported="false"
265-->[:open_file_android] AndroidManifest.xml:12:13-37
266            android:grantUriPermissions="true"
266-->[:open_file_android] AndroidManifest.xml:13:13-47
267            android:requestLegacyExternalStorage="true" >
267-->[:open_file_android] AndroidManifest.xml:14:13-56
268            <meta-data
268-->[:image_picker_android] AndroidManifest.xml:14:13-16:75
269                android:name="android.support.FILE_PROVIDER_PATHS"
269-->[:image_picker_android] AndroidManifest.xml:15:17-67
270                android:resource="@xml/filepaths" />
270-->[:image_picker_android] AndroidManifest.xml:16:17-72
271        </provider> <!-- Needs to be explicitly declared on P+ -->
272        <uses-library
272-->[com.google.android.gms:play-services-maps:18.2.0] AndroidManifest.xml:39:9-41:40
273            android:name="org.apache.http.legacy"
273-->[com.google.android.gms:play-services-maps:18.2.0] AndroidManifest.xml:40:13-50
274            android:required="false" />
274-->[com.google.android.gms:play-services-maps:18.2.0] AndroidManifest.xml:41:13-37
275
276        <activity
276-->[com.google.firebase:firebase-auth:23.2.0] AndroidManifest.xml:29:9-46:20
277            android:name="com.google.firebase.auth.internal.GenericIdpActivity"
277-->[com.google.firebase:firebase-auth:23.2.0] AndroidManifest.xml:30:13-80
278            android:excludeFromRecents="true"
278-->[com.google.firebase:firebase-auth:23.2.0] AndroidManifest.xml:31:13-46
279            android:exported="true"
279-->[com.google.firebase:firebase-auth:23.2.0] AndroidManifest.xml:32:13-36
280            android:launchMode="singleTask"
280-->[com.google.firebase:firebase-auth:23.2.0] AndroidManifest.xml:33:13-44
281            android:theme="@android:style/Theme.Translucent.NoTitleBar" >
281-->[com.google.firebase:firebase-auth:23.2.0] AndroidManifest.xml:34:13-72
282            <intent-filter>
282-->[com.google.firebase:firebase-auth:23.2.0] AndroidManifest.xml:35:13-45:29
283                <action android:name="android.intent.action.VIEW" />
283-->[com.google.firebase:firebase-auth:23.2.0] AndroidManifest.xml:36:17-69
283-->[com.google.firebase:firebase-auth:23.2.0] AndroidManifest.xml:36:25-66
284
285                <category android:name="android.intent.category.DEFAULT" />
285-->[com.google.firebase:firebase-auth:23.2.0] AndroidManifest.xml:38:17-76
285-->[com.google.firebase:firebase-auth:23.2.0] AndroidManifest.xml:38:27-73
286                <category android:name="android.intent.category.BROWSABLE" />
286-->[com.google.firebase:firebase-auth:23.2.0] AndroidManifest.xml:39:17-78
286-->[com.google.firebase:firebase-auth:23.2.0] AndroidManifest.xml:39:27-75
287
288                <data
288-->[:file_picker] AndroidManifest.xml:11:13-44
289                    android:host="firebase.auth"
290                    android:path="/"
291                    android:scheme="genericidp" />
292            </intent-filter>
293        </activity>
294        <activity
294-->[com.google.firebase:firebase-auth:23.2.0] AndroidManifest.xml:47:9-64:20
295            android:name="com.google.firebase.auth.internal.RecaptchaActivity"
295-->[com.google.firebase:firebase-auth:23.2.0] AndroidManifest.xml:48:13-79
296            android:excludeFromRecents="true"
296-->[com.google.firebase:firebase-auth:23.2.0] AndroidManifest.xml:49:13-46